# JRE version: OpenJDK Runtime Environment (21.0.6) (build 21.0.6+-13391695-b895.109)
# Java VM: OpenJDK 64-Bit Server VM (21.0.6+-13391695-b895.109, mixed mode, tiered, compressed oops, compressed class ptrs, g1 gc, windows-amd64)
GC Precious Log:
 CardTable entry size: 512
 Card Set container configuration: InlinePtr #cards 5 size 8 Array Of Cards #cards 12 size 40 Howl #buckets 4 coarsen threshold 1843 Howl Bitmap #cards 512 size 80 coarsen threshold 460 Card regions per heap region 1 cards per card region 2048
 CPUs: 8 total, 8 available
 Memory: 7914M
 Large Page Support: Disabled
 NUMA Support: Disabled
 Compressed Oops: Enabled (32-bit)
 Heap Region Size: 1M
 Heap Min Capacity: 8M
 Heap Initial Capacity: 124M
 Heap Max Capacity: 1980M
 Pre-touch: Disabled
 Parallel Workers: 8
 Concurrent Workers: 2
 Concurrent Refinement Workers: 8
 Periodic GC: Disabled
Heap:
 garbage-first heap   total 101376K, used 66869K [0x0000000084400000, 0x0000000100000000)
  region size 1024K, 10 young (10240K), 2 survivors (2048K)
 Metaspace       used 53622K, committed 53888K, reserved 1114112K
  class space    used 6072K, committed 6208K, reserved 1048576K
GC Heap History (20 events):
Event: 1.308 GC heap before
{Heap before GC invocations=8 (full 0):
 garbage-first heap   total 39936K, used 28982K [0x0000000084400000, 0x0000000100000000)
  region size 1024K, 8 young (8192K), 2 survivors (2048K)
 Metaspace       used 28236K, committed 28480K, reserved 1114112K
  class space    used 3019K, committed 3136K, reserved 1048576K
}
Event: 1.310 GC heap after
{Heap after GC invocations=9 (full 0):
 garbage-first heap   total 65536K, used 23315K [0x0000000084400000, 0x0000000100000000)
  region size 1024K, 1 young (1024K), 1 survivors (1024K)
 Metaspace       used 28236K, committed 28480K, reserved 1114112K
  class space    used 3019K, committed 3136K, reserved 1048576K
}
Event: 1.698 GC heap before
{Heap before GC invocations=9 (full 0):
 garbage-first heap   total 65536K, used 46867K [0x0000000084400000, 0x0000000100000000)
  region size 1024K, 25 young (25600K), 1 survivors (1024K)
 Metaspace       used 35252K, committed 35456K, reserved 1114112K
  class space    used 4252K, committed 4352K, reserved 1048576K
}
Event: 1.706 GC heap after
{Heap after GC invocations=10 (full 0):
 garbage-first heap   total 65536K, used 24722K [0x0000000084400000, 0x0000000100000000)
  region size 1024K, 3 young (3072K), 3 survivors (3072K)
 Metaspace       used 35252K, committed 35456K, reserved 1114112K
  class space    used 4252K, committed 4352K, reserved 1048576K
}
Event: 2.094 GC heap before
{Heap before GC invocations=10 (full 0):
 garbage-first heap   total 65536K, used 50322K [0x0000000084400000, 0x0000000100000000)
  region size 1024K, 28 young (28672K), 3 survivors (3072K)
 Metaspace       used 41865K, committed 42112K, reserved 1114112K
  class space    used 4872K, committed 4992K, reserved 1048576K
}
Event: 2.102 GC heap after
{Heap after GC invocations=11 (full 0):
 garbage-first heap   total 65536K, used 26632K [0x0000000084400000, 0x0000000100000000)
  region size 1024K, 4 young (4096K), 4 survivors (4096K)
 Metaspace       used 41865K, committed 42112K, reserved 1114112K
  class space    used 4872K, committed 4992K, reserved 1048576K
}
Event: 2.644 GC heap before
{Heap before GC invocations=11 (full 0):
 garbage-first heap   total 65536K, used 50184K [0x0000000084400000, 0x0000000100000000)
  region size 1024K, 29 young (29696K), 4 survivors (4096K)
 Metaspace       used 46278K, committed 46528K, reserved 1114112K
  class space    used 5319K, committed 5440K, reserved 1048576K
}
Event: 2.658 GC heap after
{Heap after GC invocations=12 (full 0):
 garbage-first heap   total 65536K, used 29720K [0x0000000084400000, 0x0000000100000000)
  region size 1024K, 4 young (4096K), 4 survivors (4096K)
 Metaspace       used 46278K, committed 46528K, reserved 1114112K
  class space    used 5319K, committed 5440K, reserved 1048576K
}
Event: 3.143 GC heap before
{Heap before GC invocations=13 (full 0):
 garbage-first heap   total 65536K, used 53272K [0x0000000084400000, 0x0000000100000000)
  region size 1024K, 27 young (27648K), 4 survivors (4096K)
 Metaspace       used 49019K, committed 49280K, reserved 1114112K
  class space    used 5585K, committed 5696K, reserved 1048576K
}
Event: 3.163 GC heap after
{Heap after GC invocations=14 (full 0):
 garbage-first heap   total 65536K, used 35626K [0x0000000084400000, 0x0000000100000000)
  region size 1024K, 4 young (4096K), 4 survivors (4096K)
 Metaspace       used 49019K, committed 49280K, reserved 1114112K
  class space    used 5585K, committed 5696K, reserved 1048576K
}
Event: 3.303 GC heap before
{Heap before GC invocations=14 (full 0):
 garbage-first heap   total 65536K, used 54058K [0x0000000084400000, 0x0000000100000000)
  region size 1024K, 22 young (22528K), 4 survivors (4096K)
 Metaspace       used 49367K, committed 49664K, reserved 1114112K
  class space    used 5604K, committed 5760K, reserved 1048576K
}
Event: 3.319 GC heap after
{Heap after GC invocations=15 (full 0):
 garbage-first heap   total 82944K, used 40903K [0x0000000084400000, 0x0000000100000000)
  region size 1024K, 3 young (3072K), 3 survivors (3072K)
 Metaspace       used 49367K, committed 49664K, reserved 1114112K
  class space    used 5604K, committed 5760K, reserved 1048576K
}
Event: 3.375 GC heap before
{Heap before GC invocations=15 (full 0):
 garbage-first heap   total 82944K, used 49095K [0x0000000084400000, 0x0000000100000000)
  region size 1024K, 12 young (12288K), 3 survivors (3072K)
 Metaspace       used 49458K, committed 49728K, reserved 1114112K
  class space    used 5606K, committed 5760K, reserved 1048576K
}
Event: 3.384 GC heap after
{Heap after GC invocations=16 (full 0):
 garbage-first heap   total 82944K, used 44058K [0x0000000084400000, 0x0000000100000000)
  region size 1024K, 3 young (3072K), 3 survivors (3072K)
 Metaspace       used 49458K, committed 49728K, reserved 1114112K
  class space    used 5606K, committed 5760K, reserved 1048576K
}
Event: 3.555 GC heap before
{Heap before GC invocations=17 (full 0):
 garbage-first heap   total 82944K, used 66586K [0x0000000084400000, 0x0000000100000000)
  region size 1024K, 24 young (24576K), 3 survivors (3072K)
 Metaspace       used 49924K, committed 50240K, reserved 1114112K
  class space    used 5643K, committed 5760K, reserved 1048576K
}
Event: 3.566 GC heap after
{Heap after GC invocations=18 (full 0):
 garbage-first heap   total 82944K, used 52679K [0x0000000084400000, 0x0000000100000000)
  region size 1024K, 3 young (3072K), 3 survivors (3072K)
 Metaspace       used 49924K, committed 50240K, reserved 1114112K
  class space    used 5643K, committed 5760K, reserved 1048576K
}
Event: 3.703 GC heap before
{Heap before GC invocations=18 (full 0):
 garbage-first heap   total 82944K, used 69063K [0x0000000084400000, 0x0000000100000000)
  region size 1024K, 19 young (19456K), 3 survivors (3072K)
 Metaspace       used 50155K, committed 50496K, reserved 1114112K
  class space    used 5661K, committed 5824K, reserved 1048576K
}
Event: 3.714 GC heap after
{Heap after GC invocations=19 (full 0):
 garbage-first heap   total 82944K, used 57287K [0x0000000084400000, 0x0000000100000000)
  region size 1024K, 3 young (3072K), 3 survivors (3072K)
 Metaspace       used 50155K, committed 50496K, reserved 1114112K
  class space    used 5661K, committed 5824K, reserved 1048576K
}
Event: 4.004 GC heap before
{Heap before GC invocations=19 (full 0):
 garbage-first heap   total 82944K, used 70599K [0x0000000084400000, 0x0000000100000000)
  region size 1024K, 17 young (17408K), 3 survivors (3072K)
 Metaspace       used 52130K, committed 52416K, reserved 1114112K
  class space    used 5884K, committed 6016K, reserved 1048576K
}
Event: 4.011 GC heap after
{Heap after GC invocations=20 (full 0):
 garbage-first heap   total 82944K, used 59701K [0x0000000084400000, 0x0000000100000000)
  region size 1024K, 2 young (2048K), 2 survivors (2048K)
 Metaspace       used 52130K, committed 52416K, reserved 1114112K
  class space    used 5884K, committed 6016K, reserved 1048576K
}

